van Der Waals correction will be unavailable. Please install ased3
Connecting...
Preparing iso confs...
Compressing confs...
(None, None)
Building scripts...
Loading to server...
Wait
(None, None)
Generating Data...
Submitted batch job 15797031
Submitted batch job 15797032
Submitted batch job 15797034
Submitted batch job 15797035
Submitted batch job 15797036
Submitted batch job 15797038
Submitted batch job 15797039
Submitted batch job 15797040
Submitted batch job 15797041
Submitted batch job 15797043
Submitted batch job 15797044
Submitted batch job 15797046
Submitted batch job 15797047
Submitted batch job 15797048
Submitted batch job 15797049
Submitted batch job 15797050
Submitted batch job 15797051
Submitted batch job 15797052
Submitted batch job 15797053
Submitted batch job 15797054
Submitted batch job 15797055
Submitted batch job 15797056
Submitted batch job 15797058
Submitted batch job 15797059
Submitted batch job 15797060
Submitted batch job 15797062
Submitted batch job 15797065
Submitted batch job 15797066
Submitted batch job 15797067
Submitted batch job 15797068
Submitted batch job 15797069
Submitted batch job 15797070
Submitted batch job 15797071
Submitted batch job 15797072
Submitted batch job 15797073
Submitted batch job 15797074
Submitted batch job 15797075
Submitted batch job 15797076
Submitted batch job 15797078
Submitted batch job 15797079

Running (0 : 40 : 160 : 200)...
Running (40 : 0 : 160 : 200)...
Running (40 : 0 : 160 : 200)...
Running (40 : 0 : 160 : 200)...
Running (40 : 0 : 160 : 200)...
Running (40 : 0 : 160 : 200)...
Running (40 : 0 : 160 : 200)...
Running (40 : 0 : 160 : 200)...
Running (40 : 0 : 160 : 200)...
Submitted batch job 15797627
Submitted batch job 15797628


Running (38 : 2 : 158 : 200)...
Submitted batch job 15797786
Submitted batch job 15797788
Submitted batch job 15797789
Submitted batch job 15797790
Submitted batch job 15797792
Submitted batch job 15797793
Submitted batch job 15797795
Submitted batch job 15797796
Submitted batch job 15797798
Submitted batch job 15797800
Submitted batch job 15797801
Submitted batch job 15797802
Submitted batch job 15797804
Submitted batch job 15797805
Submitted batch job 15797807
Submitted batch job 15797808
Submitted batch job 15797810
Submitted batch job 15797811


Running (22 : 18 : 140 : 200)...
Submitted batch job 15797961
Submitted batch job 15797962
Submitted batch job 15797963
Submitted batch job 15797964
Submitted batch job 15797966
Submitted batch job 15797967
Submitted batch job 15797968
Submitted batch job 15797970
Submitted batch job 15797971


Running (31 : 9 : 131 : 200)...
Submitted batch job 15798081
Submitted batch job 15798082
Submitted batch job 15798084
Submitted batch job 15798086


Running (36 : 4 : 127 : 200)...
Submitted batch job 15798151


Running (39 : 1 : 126 : 200)...
Submitted batch job 15798241
Submitted batch job 15798244
Submitted batch job 15798245


Running (37 : 3 : 123 : 200)...
Submitted batch job 15798332
Submitted batch job 15798334
Submitted batch job 15798335


Running (37 : 3 : 120 : 200)...
Submitted batch job 15798408
Submitted batch job 15798410
Submitted batch job 15798411
Submitted batch job 15798412
Submitted batch job 15798414
Submitted batch job 15798415
Submitted batch job 15798416
Submitted batch job 15798417
Submitted batch job 15798418
Submitted batch job 15798419


Running (30 : 10 : 110 : 200)...
Submitted batch job 15798460
Submitted batch job 15798461
Submitted batch job 15798462
Submitted batch job 15798463
Submitted batch job 15798464
Submitted batch job 15798465
Submitted batch job 15798466


Running (33 : 7 : 103 : 200)...
Submitted batch job 15798492
Submitted batch job 15798493
Submitted batch job 15798495
Submitted batch job 15798496


Running (36 : 4 : 99 : 200)...
Submitted batch job 15798560
Submitted batch job 15798561
Submitted batch job 15798562


Running (37 : 3 : 96 : 200)...
Submitted batch job 15798640
Submitted batch job 15798641


Running (38 : 2 : 94 : 200)...
Submitted batch job 15798735
Submitted batch job 15798736
Submitted batch job 15798738


Running (37 : 3 : 91 : 200)...
Submitted batch job 15798814


Running (39 : 1 : 90 : 200)...
Submitted batch job 15798955
Submitted batch job 15798956
Submitted batch job 15798958
Submitted batch job 15798959
Submitted batch job 15798961
Submitted batch job 15798963
Submitted batch job 15798964
Submitted batch job 15798965
Submitted batch job 15798967


Running (31 : 9 : 81 : 200)...
Submitted batch job 15799062
Submitted batch job 15799063
Submitted batch job 15799064
Submitted batch job 15799065
Submitted batch job 15799066
Submitted batch job 15799067
Submitted batch job 15799068


Running (33 : 7 : 74 : 200)...
Submitted batch job 15799166
Submitted batch job 15799167
Submitted batch job 15799169
Submitted batch job 15799170
Submitted batch job 15799172
Submitted batch job 15799173
Submitted batch job 15799175
Submitted batch job 15799178
Submitted batch job 15799179
Submitted batch job 15799181


Running (30 : 10 : 64 : 200)...
Running (40 : 0 : 64 : 200)...
Submitted batch job 15799329
Submitted batch job 15799331


Running (38 : 2 : 62 : 200)...
Submitted batch job 15799375
Submitted batch job 15799376
Submitted batch job 15799378
Submitted batch job 15799379
Submitted batch job 15799381
Submitted batch job 15799382
Submitted batch job 15799383


Running (33 : 7 : 55 : 200)...
Submitted batch job 15799527
Submitted batch job 15799528
Submitted batch job 15799530
Submitted batch job 15799531


Running (36 : 4 : 51 : 200)...
Submitted batch job 15799566
Submitted batch job 15799567
Submitted batch job 15799568
Submitted batch job 15799569
Submitted batch job 15799570
Submitted batch job 15799571
Submitted batch job 15799573
Submitted batch job 15799574


Running (32 : 8 : 43 : 200)...
Submitted batch job 15799589
Submitted batch job 15799590
Submitted batch job 15799591
Submitted batch job 15799592
Submitted batch job 15799593
Submitted batch job 15799595
Submitted batch job 15799597


Running (33 : 7 : 36 : 200)...
Submitted batch job 15799668
Submitted batch job 15799669
Submitted batch job 15799670


Running (37 : 3 : 33 : 200)...
Submitted batch job 15799762
Submitted batch job 15799763
Submitted batch job 15799764
Submitted batch job 15799765
Submitted batch job 15799766


Running (35 : 5 : 28 : 200)...
Submitted batch job 15799798
Submitted batch job 15799800
Submitted batch job 15799802


Running (37 : 3 : 25 : 200)...
Submitted batch job 15799924
Submitted batch job 15799926


Running (38 : 2 : 23 : 200)...
Submitted batch job 15800028
Submitted batch job 15800029
Submitted batch job 15800030
Submitted batch job 15800031
Submitted batch job 15800032


Running (35 : 5 : 18 : 200)...
Submitted batch job 15800120
Submitted batch job 15800122
Submitted batch job 15800123
Submitted batch job 15800126
Submitted batch job 15800128
Submitted batch job 15800129
Submitted batch job 15800130


Running (33 : 7 : 11 : 200)...
Submitted batch job 15800218
Submitted batch job 15800219
Submitted batch job 15800220
Submitted batch job 15800221
Submitted batch job 15800222
Submitted batch job 15800223


Running (34 : 6 : 5 : 200)...
Submitted batch job 15800240
Submitted batch job 15800241
Submitted batch job 15800242
Submitted batch job 15800243


Running (36 : 4 : 1 : 200)...
Submitted batch job 15800321


Running (38 : 1 : 0 : 200)...
Running (33 : 0 : 0 : 200)...
Running (32 : 0 : 0 : 200)...
Running (30 : 0 : 0 : 200)...
Running (23 : 0 : 0 : 200)...
Running (13 : 0 : 0 : 200)...
Running (11 : 0 : 0 : 200)...
Running (8 : 0 : 0 : 200)...
Running (6 : 0 : 0 : 200)...
Running (4 : 0 : 0 : 200)...
Running (4 : 0 : 0 : 200)...
Running (2 : 0 : 0 : 200)...
Running (2 : 0 : 0 : 200)...
Running (2 : 0 : 0 : 200)...
Running (2 : 0 : 0 : 200)...
Running (0 : 0 : 0 : 200)...
Cleaing up server...
Loading from server...
Execute transfer from server...
(None, None)
Packing data...
--Cycle Complete--
